# JRE version: Java(TM) SE Runtime Environment (7.0_45-b18) (build 1.7.0_45-b18)
# Java VM: Java HotSpot(TM) 64-Bit Server VM (24.45-b08 mixed mode windows-amd64 compressed oops)
Heap
 PSYoungGen      total 542720K, used 98630K [0x00000007ab000000, 0x00000007d5500000, 0x0000000800000000)
  eden space 455680K, 21% used [0x00000007ab000000,0x00000007b1051a88,0x00000007c6d00000)
  from space 87040K, 0% used [0x00000007c6d00000,0x00000007c6d00000,0x00000007cc200000)
  to   space 23552K, 0% used [0x00000007cc200000,0x00000007cc200000,0x00000007cd900000)
 ParOldGen       total 333824K, used 333810K [0x0000000701000000, 0x0000000715600000, 0x00000007ab000000)
  object space 333824K, 99% used [0x0000000701000000,0x00000007155fcb50,0x0000000715600000)
 PSPermGen       total 41472K, used 22252K [0x00000006fbe00000, 0x00000006fe680000, 0x0000000701000000)
  object space 41472K, 53% used [0x00000006fbe00000,0x00000006fd3bb2d8,0x00000006fe680000)
GC Heap History (10 events):
Event: 3.948 GC heap before
{Heap before GC invocations=9 (full 1):
 PSYoungGen      total 479232K, used 23524K [0x00000007ab000000, 0x00000007d5500000, 0x0000000800000000)
  eden space 455680K, 0% used [0x00000007ab000000,0x00000007ab000000,0x00000007c6d00000)
  from space 23552K, 99% used [0x00000007cc200000,0x00000007cd8f9280,0x00000007cd900000)
  to   space 87040K, 0% used [0x00000007c6d00000,0x00000007c6d00000,0x00000007cc200000)
 ParOldGen       total 174080K, used 148313K [0x0000000701000000, 0x000000070ba00000, 0x00000007ab000000)
  object space 174080K, 85% used [0x0000000701000000,0x000000070a0d66a8,0x000000070ba00000)
 PSPermGen       total 21504K, used 5004K [0x00000006fbe00000, 0x00000006fd300000, 0x0000000701000000)
  object space 21504K, 23% used [0x00000006fbe00000,0x00000006fc2e3260,0x00000006fd300000)
Event: 4.070 GC heap after
Heap after GC invocations=9 (full 1):
 PSYoungGen      total 479232K, used 0K [0x00000007ab000000, 0x00000007d5500000, 0x0000000800000000)
  eden space 455680K, 0% used [0x00000007ab000000,0x00000007ab000000,0x00000007c6d00000)
  from space 23552K, 0% used [0x00000007cc200000,0x00000007cc200000,0x00000007cd900000)
  to   space 87040K, 0% used [0x00000007c6d00000,0x00000007c6d00000,0x00000007cc200000)
 ParOldGen       total 315392K, used 158914K [0x0000000701000000, 0x0000000714400000, 0x00000007ab000000)
  object space 315392K, 50% used [0x0000000701000000,0x000000070ab30840,0x0000000714400000)
 PSPermGen       total 21504K, used 5003K [0x00000006fbe00000, 0x00000006fd300000, 0x0000000701000000)
  object space 21504K, 23% used [0x00000006fbe00000,0x00000006fc2e2c00,0x00000006fd300000)
}
Event: 16.830 GC heap before
{Heap before GC invocations=10 (full 1):
 PSYoungGen      total 479232K, used 455680K [0x00000007ab000000, 0x00000007d5500000, 0x0000000800000000)
  eden space 455680K, 100% used [0x00000007ab000000,0x00000007c6d00000,0x00000007c6d00000)
  from space 23552K, 0% used [0x00000007cc200000,0x00000007cc200000,0x00000007cd900000)
  to   space 87040K, 0% used [0x00000007c6d00000,0x00000007c6d00000,0x00000007cc200000)
 ParOldGen       total 315392K, used 158914K [0x0000000701000000, 0x0000000714400000, 0x00000007ab000000)
  object space 315392K, 50% used [0x0000000701000000,0x000000070ab30840,0x0000000714400000)
 PSPermGen       total 21504K, used 5007K [0x00000006fbe00000, 0x00000006fd300000, 0x0000000701000000)
  object space 21504K, 23% used [0x00000006fbe00000,0x00000006fc2e3fd8,0x00000006fd300000)
Event: 16.909 GC heap after
Heap after GC invocations=10 (full 1):
 PSYoungGen      total 542720K, used 87014K [0x00000007ab000000, 0x00000007d5500000, 0x0000000800000000)
  eden space 455680K, 0% used [0x00000007ab000000,0x00000007ab000000,0x00000007c6d00000)
  from space 87040K, 99% used [0x00000007c6d00000,0x00000007cc1f9850,0x00000007cc200000)
  to   space 23552K, 0% used [0x00000007cc200000,0x00000007cc200000,0x00000007cd900000)
 ParOldGen       total 333824K, used 332359K [0x0000000701000000, 0x0000000715600000, 0x00000007ab000000)
  object space 333824K, 99% used [0x0000000701000000,0x0000000715491ec8,0x0000000715600000)
 PSPermGen       total 21504K, used 5007K [0x00000006fbe00000, 0x00000006fd300000, 0x0000000701000000)
  object space 21504K, 23% used [0x00000006fbe00000,0x00000006fc2e3fd8,0x00000006fd300000)
}
Event: 16.909 GC heap before
{Heap before GC invocations=11 (full 2):
 PSYoungGen      total 542720K, used 87014K [0x00000007ab000000, 0x00000007d5500000, 0x0000000800000000)
  eden space 455680K, 0% used [0x00000007ab000000,0x00000007ab000000,0x00000007c6d00000)
  from space 87040K, 99% used [0x00000007c6d00000,0x00000007cc1f9850,0x00000007cc200000)
  to   space 23552K, 0% used [0x00000007cc200000,0x00000007cc200000,0x00000007cd900000)
 ParOldGen       total 333824K, used 332359K [0x0000000701000000, 0x0000000715600000, 0x00000007ab000000)
  object space 333824K, 99% used [0x0000000701000000,0x0000000715491ec8,0x0000000715600000)
 PSPermGen       total 21504K, used 5007K [0x00000006fbe00000, 0x00000006fd300000, 0x0000000701000000)
  object space 21504K, 23% used [0x00000006fbe00000,0x00000006fc2e3fd8,0x00000006fd300000)
Event: 17.269 GC heap after
Heap after GC invocations=11 (full 2):
 PSYoungGen      total 542720K, used 37977K [0x00000007ab000000, 0x00000007d5500000, 0x0000000800000000)
  eden space 455680K, 0% used [0x00000007ab000000,0x00000007ab000000,0x00000007c6d00000)
  from space 87040K, 43% used [0x00000007c6d00000,0x00000007c92166a0,0x00000007cc200000)
  to   space 23552K, 0% used [0x00000007cc200000,0x00000007cc200000,0x00000007cd900000)
 ParOldGen       total 333824K, used 333659K [0x0000000701000000, 0x0000000715600000, 0x00000007ab000000)
  object space 333824K, 99% used [0x0000000701000000,0x00000007155d6e80,0x0000000715600000)
 PSPermGen       total 21504K, used 5007K [0x00000006fbe00000, 0x00000006fd300000, 0x0000000701000000)
  object space 21504K, 23% used [0x00000006fbe00000,0x00000006fc2e3fd8,0x00000006fd300000)
}
Event: 21.770 GC heap before
{Heap before GC invocations=12 (full 3):
 PSYoungGen      total 542720K, used 493657K [0x00000007ab000000, 0x00000007d5500000, 0x0000000800000000)
  eden space 455680K, 100% used [0x00000007ab000000,0x00000007c6d00000,0x00000007c6d00000)
  from space 87040K, 43% used [0x00000007c6d00000,0x00000007c92166a0,0x00000007cc200000)
  to   space 23552K, 0% used [0x00000007cc200000,0x00000007cc200000,0x00000007cd900000)
 ParOldGen       total 333824K, used 333659K [0x0000000701000000, 0x0000000715600000, 0x00000007ab000000)
  object space 333824K, 99% used [0x0000000701000000,0x00000007155d6e80,0x0000000715600000)
 PSPermGen       total 22528K, used 22163K [0x00000006fbe00000, 0x00000006fd400000, 0x0000000701000000)
  object space 22528K, 98% used [0x00000006fbe00000,0x00000006fd3a4c80,0x00000006fd400000)
Event: 22.635 GC heap after
Heap after GC invocations=12 (full 3):
 PSYoungGen      total 542720K, used 35079K [0x00000007ab000000, 0x00000007d5500000, 0x0000000800000000)
  eden space 455680K, 7% used [0x00000007ab000000,0x00000007ad241dc0,0x00000007c6d00000)
  from space 87040K, 0% used [0x00000007c6d00000,0x00000007c6d00000,0x00000007cc200000)
  to   space 23552K, 0% used [0x00000007cc200000,0x00000007cc200000,0x00000007cd900000)
 ParOldGen       total 333824K, used 333785K [0x0000000701000000, 0x0000000715600000, 0x00000007ab000000)
  object space 333824K, 99% used [0x0000000701000000,0x00000007155f6420,0x0000000715600000)
 PSPermGen       total 22528K, used 22151K [0x00000006fbe00000, 0x00000006fd400000, 0x0000000701000000)
  object space 22528K, 98% used [0x00000006fbe00000,0x00000006fd3a1d98,0x00000006fd400000)
}
Event: 24.946 GC heap before
{Heap before GC invocations=13 (full 4):
 PSYoungGen      total 542720K, used 455680K [0x00000007ab000000, 0x00000007d5500000, 0x0000000800000000)
  eden space 455680K, 100% used [0x00000007ab000000,0x00000007c6d00000,0x00000007c6d00000)
  from space 87040K, 0% used [0x00000007c6d00000,0x00000007c6d00000,0x00000007cc200000)
  to   space 23552K, 0% used [0x00000007cc200000,0x00000007cc200000,0x00000007cd900000)
 ParOldGen       total 333824K, used 333785K [0x0000000701000000, 0x0000000715600000, 0x00000007ab000000)
  object space 333824K, 99% used [0x0000000701000000,0x00000007155f6420,0x0000000715600000)
 PSPermGen       total 22528K, used 22252K [0x00000006fbe00000, 0x00000006fd400000, 0x0000000701000000)
  object space 22528K, 98% used [0x00000006fbe00000,0x00000006fd3bb338,0x00000006fd400000)
Event: 25.156 GC heap after
Heap after GC invocations=13 (full 4):
 PSYoungGen      total 542720K, used 36815K [0x00000007ab000000, 0x00000007d5500000, 0x0000000800000000)
  eden space 455680K, 8% used [0x00000007ab000000,0x00000007ad3f3c80,0x00000007c6d00000)
  from space 87040K, 0% used [0x00000007c6d00000,0x00000007c6d00000,0x00000007cc200000)
  to   space 23552K, 0% used [0x00000007cc200000,0x00000007cc200000,0x00000007cd900000)
 ParOldGen       total 333824K, used 333810K [0x0000000701000000, 0x0000000715600000, 0x00000007ab000000)
  object space 333824K, 99% used [0x0000000701000000,0x00000007155fcb50,0x0000000715600000)
 PSPermGen       total 41472K, used 22252K [0x00000006fbe00000, 0x00000006fe680000, 0x0000000701000000)
  object space 41472K, 53% used [0x00000006fbe00000,0x00000006fd3bb2d8,0x00000006fe680000)
}

